TpTrace Verbose: 0 : 5212, 1, 2022/05/15, 09:19:37.622, 2756841574349, vstest.console.dll, Version: 17.0.0
TpTrace Information: 0 : 5212, 1, 2022/05/15, 09:19:37.632, 2756841666831, vstest.console.dll, FilePatternParser: The given file C:\Projetos\InvestmentAnalysis\src\InvestmentAnalysis\InvestmentAnalysis.Test\bin\Debug\netcoreapp3.1\fine-code-coverage\build-output\InvestmentAnalysis.Test.dll is a full path.
TpTrace Verbose: 0 : 5212, 1, 2022/05/15, 09:19:37.639, 2756841729261, vstest.console.dll, TestPluginCache.DiscoverTestExtensions: finding test extensions in assemblies ends with: RuntimeProvider.dll TPluginInfo: Microsoft.VisualStudio.TestPlatform.Common.ExtensionFramework.Utilities.TestRuntimePluginInformation TExtension: Microsoft.VisualStudio.TestPlatform.ObjectModel.Host.ITestRuntimeProvider
TpTrace Verbose: 0 : 5212, 1, 2022/05/15, 09:19:37.639, 2756841733738, vstest.console.dll, TestPluginCache.GetExtensionPaths: Filtered extension paths: 
TpTrace Verbose: 0 : 5212, 1, 2022/05/15, 09:19:37.639, 2756841734965, vstest.console.dll, TestPluginCache.GetExtensionPaths: Added default extension paths: C:\Program Files\dotnet\sdk\6.0.101\Extensions\Microsoft.Diagnostics.NETCore.Client.dll
C:\Program Files\dotnet\sdk\6.0.101\Extensions\Microsoft.TestPlatform.Extensions.BlameDataCollector.dll
C:\Program Files\dotnet\sdk\6.0.101\Extensions\Microsoft.TestPlatform.Extensions.EventLogCollector.dll
C:\Program Files\dotnet\sdk\6.0.101\Extensions\Microsoft.TestPlatform.TestHostRuntimeProvider.dll
C:\Program Files\dotnet\sdk\6.0.101\Extensions\Microsoft.VisualStudio.TestPlatform.Extensions.Html.TestLogger.dll
C:\Program Files\dotnet\sdk\6.0.101\Extensions\Microsoft.VisualStudio.TestPlatform.Extensions.Trx.TestLogger.dll
TpTrace Verbose: 0 : 5212, 1, 2022/05/15, 09:19:37.639, 2756841735773, vstest.console.dll, TestPluginCache.GetExtensionPaths: Added unfilterableExtensionPaths: 
TpTrace Information: 0 : 5212, 1, 2022/05/15, 09:19:37.640, 2756841744065, vstest.console.dll, AssemblyResolver.ctor: Creating AssemblyResolver with searchDirectories C:\Program Files\dotnet\sdk\6.0.101\Extensions,C:\Program Files\dotnet\sdk\6.0.101
TpTrace Verbose: 0 : 5212, 1, 2022/05/15, 09:19:37.642, 2756841760399, vstest.console.dll, TestPluginCache.DiscoverTestExtensions: Discovering the extensions using extension path.
TpTrace Verbose: 0 : 5212, 1, 2022/05/15, 09:19:37.642, 2756841761560, vstest.console.dll, TestPluginCache.GetExtensionPaths: Filtered extension paths: 
TpTrace Verbose: 0 : 5212, 1, 2022/05/15, 09:19:37.642, 2756841761856, vstest.console.dll, TestPluginCache.GetExtensionPaths: Added default extension paths: C:\Program Files\dotnet\sdk\6.0.101\Extensions\Microsoft.Diagnostics.NETCore.Client.dll
C:\Program Files\dotnet\sdk\6.0.101\Extensions\Microsoft.TestPlatform.Extensions.BlameDataCollector.dll
C:\Program Files\dotnet\sdk\6.0.101\Extensions\Microsoft.TestPlatform.Extensions.EventLogCollector.dll
C:\Program Files\dotnet\sdk\6.0.101\Extensions\Microsoft.TestPlatform.TestHostRuntimeProvider.dll
C:\Program Files\dotnet\sdk\6.0.101\Extensions\Microsoft.VisualStudio.TestPlatform.Extensions.Html.TestLogger.dll
C:\Program Files\dotnet\sdk\6.0.101\Extensions\Microsoft.VisualStudio.TestPlatform.Extensions.Trx.TestLogger.dll
TpTrace Verbose: 0 : 5212, 1, 2022/05/15, 09:19:37.642, 2756841762095, vstest.console.dll, TestPluginCache.GetExtensionPaths: Added unfilterableExtensionPaths: 
TpTrace Verbose: 0 : 5212, 1, 2022/05/15, 09:19:37.642, 2756841762628, vstest.console.dll, TestPluginCache.DiscoverTestExtensions: Discovering the extensions using allExtensionPaths: C:\Program Files\dotnet\sdk\6.0.101\Extensions\Microsoft.Diagnostics.NETCore.Client.dll
C:\Program Files\dotnet\sdk\6.0.101\Extensions\Microsoft.TestPlatform.Extensions.BlameDataCollector.dll
C:\Program Files\dotnet\sdk\6.0.101\Extensions\Microsoft.TestPlatform.Extensions.EventLogCollector.dll
C:\Program Files\dotnet\sdk\6.0.101\Extensions\Microsoft.TestPlatform.TestHostRuntimeProvider.dll
C:\Program Files\dotnet\sdk\6.0.101\Extensions\Microsoft.VisualStudio.TestPlatform.Extensions.Html.TestLogger.dll
C:\Program Files\dotnet\sdk\6.0.101\Extensions\Microsoft.VisualStudio.TestPlatform.Extensions.Trx.TestLogger.dll
TpTrace Information: 0 : 5212, 1, 2022/05/15, 09:19:37.642, 2756841765155, vstest.console.dll, AssemblyResolver.AddSearchDirectories: Adding more searchDirectories C:\Program Files\dotnet\sdk\6.0.101\Extensions,C:\Program Files\dotnet\sdk\6.0.101
TpTrace Information: 0 : 5212, 1, 2022/05/15, 09:19:37.642, 2756841765562, vstest.console.dll, AssemblyResolver.AddSearchDirectories: Adding more searchDirectories C:\Program Files\dotnet\sdk\6.0.101\Extensions,C:\Program Files\dotnet\sdk\6.0.101
TpTrace Information: 0 : 5212, 1, 2022/05/15, 09:19:37.642, 2756841765800, vstest.console.dll, AssemblyResolver.AddSearchDirectories: Adding more searchDirectories C:\Program Files\dotnet\sdk\6.0.101\Extensions,C:\Program Files\dotnet\sdk\6.0.101
TpTrace Information: 0 : 5212, 1, 2022/05/15, 09:19:37.642, 2756841765978, vstest.console.dll, AssemblyResolver.AddSearchDirectories: Adding more searchDirectories C:\Program Files\dotnet\sdk\6.0.101\Extensions,C:\Program Files\dotnet\sdk\6.0.101
TpTrace Information: 0 : 5212, 1, 2022/05/15, 09:19:37.642, 2756841766146, vstest.console.dll, AssemblyResolver.AddSearchDirectories: Adding more searchDirectories C:\Program Files\dotnet\sdk\6.0.101\Extensions,C:\Program Files\dotnet\sdk\6.0.101
TpTrace Information: 0 : 5212, 1, 2022/05/15, 09:19:37.642, 2756841766328, vstest.console.dll, AssemblyResolver.AddSearchDirectories: Adding more searchDirectories C:\Program Files\dotnet\sdk\6.0.101\Extensions,C:\Program Files\dotnet\sdk\6.0.101
TpTrace Information: 0 : 5212, 1, 2022/05/15, 09:19:37.643, 2756841768997, vstest.console.dll, AssemblyResolver.OnResolve: Microsoft.Diagnostics.NETCore.Client: Resolving assembly.
TpTrace Information: 0 : 5212, 1, 2022/05/15, 09:19:37.643, 2756841769480, vstest.console.dll, AssemblyResolver.OnResolve: Microsoft.Diagnostics.NETCore.Client: Searching in: 'C:\Program Files\dotnet\sdk\6.0.101\Extensions'.
TpTrace Information: 0 : 5212, 1, 2022/05/15, 09:19:37.643, 2756841776201, vstest.console.dll, AssemblyResolver.OnResolve: Microsoft.Diagnostics.NETCore.Client: Loading assembly 'C:\Program Files\dotnet\sdk\6.0.101\Extensions\Microsoft.Diagnostics.NETCore.Client.dll'.
TpTrace Information: 0 : 5212, 1, 2022/05/15, 09:19:37.644, 2756841783736, vstest.console.dll, AssemblyResolver.OnResolve: Resolved assembly: Microsoft.Diagnostics.NETCore.Client, from path: C:\Program Files\dotnet\sdk\6.0.101\Extensions\Microsoft.Diagnostics.NETCore.Client.dll
TpTrace Information: 0 : 5212, 1, 2022/05/15, 09:19:37.650, 2756841846764, vstest.console.dll, AssemblyResolver.OnResolve: Microsoft.Bcl.AsyncInterfaces: Resolving assembly.
TpTrace Information: 0 : 5212, 1, 2022/05/15, 09:19:37.650, 2756841847634, vstest.console.dll, AssemblyResolver.OnResolve: Microsoft.Bcl.AsyncInterfaces: Searching in: 'C:\Program Files\dotnet\sdk\6.0.101\Extensions'.
TpTrace Information: 0 : 5212, 1, 2022/05/15, 09:19:37.650, 2756841848222, vstest.console.dll, AssemblyResolver.OnResolve: Microsoft.Bcl.AsyncInterfaces: Assembly path does not exist: 'C:\Program Files\dotnet\sdk\6.0.101\Extensions\Microsoft.Bcl.AsyncInterfaces.dll', returning.
TpTrace Information: 0 : 5212, 1, 2022/05/15, 09:19:37.650, 2756841848946, vstest.console.dll, AssemblyResolver.OnResolve: Microsoft.Bcl.AsyncInterfaces: Assembly path does not exist: 'C:\Program Files\dotnet\sdk\6.0.101\Extensions\Microsoft.Bcl.AsyncInterfaces.exe', returning.
TpTrace Information: 0 : 5212, 1, 2022/05/15, 09:19:37.651, 2756841849259, vstest.console.dll, AssemblyResolver.OnResolve: Microsoft.Bcl.AsyncInterfaces: Searching in: 'C:\Program Files\dotnet\sdk\6.0.101'.
TpTrace Information: 0 : 5212, 1, 2022/05/15, 09:19:37.651, 2756841849618, vstest.console.dll, AssemblyResolver.OnResolve: Microsoft.Bcl.AsyncInterfaces: Assembly path does not exist: 'C:\Program Files\dotnet\sdk\6.0.101\Microsoft.Bcl.AsyncInterfaces.dll', returning.
TpTrace Information: 0 : 5212, 1, 2022/05/15, 09:19:37.651, 2756841849921, vstest.console.dll, AssemblyResolver.OnResolve: Microsoft.Bcl.AsyncInterfaces: Assembly path does not exist: 'C:\Program Files\dotnet\sdk\6.0.101\Microsoft.Bcl.AsyncInterfaces.exe', returning.
TpTrace Information: 0 : 5212, 1, 2022/05/15, 09:19:37.651, 2756841850501, vstest.console.dll, AssemblyResolver.OnResolve: Microsoft.Bcl.AsyncInterfaces: Failed to load assembly.
TpTrace Verbose: 0 : 5212, 1, 2022/05/15, 09:19:37.651, 2756841850875, vstest.console.dll, CurrentDomainAssemblyResolve: Resolving assembly 'Microsoft.Bcl.AsyncInterfaces'.
TpTrace Information: 0 : 5212, 1, 2022/05/15, 09:19:37.651, 2756841851307, vstest.console.dll, AssemblyResolver.OnResolve: Microsoft.Bcl.AsyncInterfaces: Resolving assembly.
TpTrace Information: 0 : 5212, 1, 2022/05/15, 09:19:37.651, 2756841851562, vstest.console.dll, AssemblyResolver.OnResolve: Microsoft.Bcl.AsyncInterfaces: Resolved from cache.
TpTrace Verbose: 0 : 5212, 1, 2022/05/15, 09:19:37.651, 2756841851751, vstest.console.dll, CurrentDomainAssemblyResolve: Resolving assembly 'Microsoft.Bcl.AsyncInterfaces'.
TpTrace Verbose: 0 : 5212, 1, 2022/05/15, 09:19:37.651, 2756841851986, vstest.console.dll, CurrentDomainAssemblyResolve: Failed to resolve assembly 'Microsoft.Bcl.AsyncInterfaces'.
TpTrace Verbose: 0 : 5212, 1, 2022/05/15, 09:19:37.651, 2756841857968, vstest.console.dll, CurrentDomainAssemblyResolve: Failed to resolve assembly 'Microsoft.Bcl.AsyncInterfaces'.
TpTrace Warning: 0 : 5212, 1, 2022/05/15, 09:19:37.668, 2756842028696, vstest.console.dll, TestPluginDiscoverer: Failed to get types from assembly 'Microsoft.Diagnostics.NETCore.Client, Version=0.2.4.21401, Culture=neutral, PublicKeyToken=31bf3856ad364e35'.  Skipping test extension scan for this assembly.  Error: System.Reflection.ReflectionTypeLoadException: Unable to load one or more of the requested types.
Could not load file or assembly 'Microsoft.Bcl.AsyncInterfaces, Version=1.0.0.0, Culture=neutral, PublicKeyToken=cc7b13ffcd2ddd51'. O sistema não pode encontrar o arquivo especificado.
   at System.Reflection.RuntimeModule.GetTypes(RuntimeModule module)
   at System.Reflection.Assembly.GetTypes()
   at Microsoft.VisualStudio.TestPlatform.Common.ExtensionFramework.TestPluginDiscoverer.GetTestExtensionsFromAssembly[TPluginInfo,TExtension](Assembly assembly, Dictionary`2 pluginInfos)
System.IO.FileNotFoundException: Could not load file or assembly 'Microsoft.Bcl.AsyncInterfaces, Version=1.0.0.0, Culture=neutral, PublicKeyToken=cc7b13ffcd2ddd51'. O sistema não pode encontrar o arquivo especificado.
File name: 'Microsoft.Bcl.AsyncInterfaces, Version=1.0.0.0, Culture=neutral, PublicKeyToken=cc7b13ffcd2ddd51'
 ---> System.IO.FileNotFoundException: Could not load file or assembly 'Microsoft.Bcl.AsyncInterfaces, Culture=neutral, PublicKeyToken=null'. O sistema não pode encontrar o arquivo especificado.
File name: 'Microsoft.Bcl.AsyncInterfaces, Culture=neutral, PublicKeyToken=null'
   at System.Reflection.RuntimeAssembly.InternalLoad(ObjectHandleOnStack assemblyName, ObjectHandleOnStack requestingAssembly, StackCrawlMarkHandle stackMark, Boolean throwOnFileNotFound, ObjectHandleOnStack assemblyLoadContext, ObjectHandleOnStack retAssembly)
   at System.Reflection.RuntimeAssembly.InternalLoad(AssemblyName assemblyName, RuntimeAssembly requestingAssembly, StackCrawlMark& stackMark, Boolean throwOnFileNotFound, AssemblyLoadContext assemblyLoadContext)
   at System.Reflection.Assembly.Load(AssemblyName assemblyRef)
   at Microsoft.VisualStudio.TestPlatform.Common.ExtensionFramework.TestPluginCache.CurrentDomainAssemblyResolve(Object sender, AssemblyResolveEventArgs args)
   at Microsoft.VisualStudio.TestPlatform.PlatformAbstractions.PlatformAssemblyResolver.AssemblyResolverEvent(Object sender, Object eventArgs)
   at System.Runtime.Loader.AssemblyLoadContext.GetFirstResolvedAssemblyFromResolvingEvent(AssemblyName assemblyName)
   at System.Runtime.Loader.AssemblyLoadContext.ResolveUsingEvent(AssemblyName assemblyName)
   at System.Runtime.Loader.AssemblyLoadContext.ResolveUsingResolvingEvent(IntPtr gchManagedAssemblyLoadContext, AssemblyName assemblyName)
TpTrace Warning: 0 : 5212, 1, 2022/05/15, 09:19:37.669, 2756842033318, vstest.console.dll, LoaderExceptions: System.IO.FileNotFoundException: Could not load file or assembly 'Microsoft.Bcl.AsyncInterfaces, Version=1.0.0.0, Culture=neutral, PublicKeyToken=cc7b13ffcd2ddd51'. O sistema não pode encontrar o arquivo especificado.
File name: 'Microsoft.Bcl.AsyncInterfaces, Version=1.0.0.0, Culture=neutral, PublicKeyToken=cc7b13ffcd2ddd51'
 ---> System.IO.FileNotFoundException: Could not load file or assembly 'Microsoft.Bcl.AsyncInterfaces, Culture=neutral, PublicKeyToken=null'. O sistema não pode encontrar o arquivo especificado.
File name: 'Microsoft.Bcl.AsyncInterfaces, Culture=neutral, PublicKeyToken=null'
   at System.Reflection.RuntimeAssembly.InternalLoad(ObjectHandleOnStack assemblyName, ObjectHandleOnStack requestingAssembly, StackCrawlMarkHandle stackMark, Boolean throwOnFileNotFound, ObjectHandleOnStack assemblyLoadContext, ObjectHandleOnStack retAssembly)
   at System.Reflection.RuntimeAssembly.InternalLoad(AssemblyName assemblyName, RuntimeAssembly requestingAssembly, StackCrawlMark& stackMark, Boolean throwOnFileNotFound, AssemblyLoadContext assemblyLoadContext)
   at System.Reflection.Assembly.Load(AssemblyName assemblyRef)
   at Microsoft.VisualStudio.TestPlatform.Common.ExtensionFramework.TestPluginCache.CurrentDomainAssemblyResolve(Object sender, AssemblyResolveEventArgs args)
   at Microsoft.VisualStudio.TestPlatform.PlatformAbstractions.PlatformAssemblyResolver.AssemblyResolverEvent(Object sender, Object eventArgs)
   at System.Runtime.Loader.AssemblyLoadContext.GetFirstResolvedAssemblyFromResolvingEvent(AssemblyName assemblyName)
   at System.Runtime.Loader.AssemblyLoadContext.ResolveUsingEvent(AssemblyName assemblyName)
   at System.Runtime.Loader.AssemblyLoadContext.ResolveUsingResolvingEvent(IntPtr gchManagedAssemblyLoadContext, AssemblyName assemblyName)
TpTrace Information: 0 : 5212, 1, 2022/05/15, 09:19:37.669, 2756842034629, vstest.console.dll, AssemblyResolver.OnResolve: Microsoft.TestPlatform.Extensions.BlameDataCollector: Resolving assembly.
TpTrace Information: 0 : 5212, 1, 2022/05/15, 09:19:37.669, 2756842034934, vstest.console.dll, AssemblyResolver.OnResolve: Microsoft.TestPlatform.Extensions.BlameDataCollector: Searching in: 'C:\Program Files\dotnet\sdk\6.0.101\Extensions'.
TpTrace Information: 0 : 5212, 1, 2022/05/15, 09:19:37.670, 2756842041830, vstest.console.dll, AssemblyResolver.OnResolve: Microsoft.TestPlatform.Extensions.BlameDataCollector: Loading assembly 'C:\Program Files\dotnet\sdk\6.0.101\Extensions\Microsoft.TestPlatform.Extensions.BlameDataCollector.dll'.
TpTrace Information: 0 : 5212, 1, 2022/05/15, 09:19:37.671, 2756842049394, vstest.console.dll, AssemblyResolver.OnResolve: Resolved assembly: Microsoft.TestPlatform.Extensions.BlameDataCollector, from path: C:\Program Files\dotnet\sdk\6.0.101\Extensions\Microsoft.TestPlatform.Extensions.BlameDataCollector.dll
TpTrace Information: 0 : 5212, 1, 2022/05/15, 09:19:37.671, 2756842055535, vstest.console.dll, AssemblyResolver.OnResolve: Microsoft.TestPlatform.Extensions.EventLogCollector: Resolving assembly.
TpTrace Information: 0 : 5212, 1, 2022/05/15, 09:19:37.671, 2756842056329, vstest.console.dll, AssemblyResolver.OnResolve: Microsoft.TestPlatform.Extensions.EventLogCollector: Searching in: 'C:\Program Files\dotnet\sdk\6.0.101\Extensions'.
TpTrace Information: 0 : 5212, 1, 2022/05/15, 09:19:37.672, 2756842063829, vstest.console.dll, AssemblyResolver.OnResolve: Microsoft.TestPlatform.Extensions.EventLogCollector: Loading assembly 'C:\Program Files\dotnet\sdk\6.0.101\Extensions\Microsoft.TestPlatform.Extensions.EventLogCollector.dll'.
TpTrace Information: 0 : 5212, 1, 2022/05/15, 09:19:37.673, 2756842070361, vstest.console.dll, AssemblyResolver.OnResolve: Resolved assembly: Microsoft.TestPlatform.Extensions.EventLogCollector, from path: C:\Program Files\dotnet\sdk\6.0.101\Extensions\Microsoft.TestPlatform.Extensions.EventLogCollector.dll
TpTrace Information: 0 : 5212, 1, 2022/05/15, 09:19:37.675, 2756842093494, vstest.console.dll, AssemblyResolver.OnResolve: Microsoft.TestPlatform.TestHostRuntimeProvider: Resolving assembly.
TpTrace Information: 0 : 5212, 1, 2022/05/15, 09:19:37.675, 2756842094682, vstest.console.dll, AssemblyResolver.OnResolve: Microsoft.TestPlatform.TestHostRuntimeProvider: Searching in: 'C:\Program Files\dotnet\sdk\6.0.101\Extensions'.
TpTrace Information: 0 : 5212, 1, 2022/05/15, 09:19:37.676, 2756842100321, vstest.console.dll, AssemblyResolver.OnResolve: Microsoft.TestPlatform.TestHostRuntimeProvider: Loading assembly 'C:\Program Files\dotnet\sdk\6.0.101\Extensions\Microsoft.TestPlatform.TestHostRuntimeProvider.dll'.
TpTrace Information: 0 : 5212, 1, 2022/05/15, 09:19:37.676, 2756842107662, vstest.console.dll, AssemblyResolver.OnResolve: Resolved assembly: Microsoft.TestPlatform.TestHostRuntimeProvider, from path: C:\Program Files\dotnet\sdk\6.0.101\Extensions\Microsoft.TestPlatform.TestHostRuntimeProvider.dll
TpTrace Information: 0 : 5212, 1, 2022/05/15, 09:19:37.677, 2756842117084, vstest.console.dll, AssemblyResolver.OnResolve: Microsoft.VisualStudio.TestPlatform.Extensions.Html.TestLogger: Resolving assembly.
TpTrace Information: 0 : 5212, 1, 2022/05/15, 09:19:37.677, 2756842117497, vstest.console.dll, AssemblyResolver.OnResolve: Microsoft.VisualStudio.TestPlatform.Extensions.Html.TestLogger: Searching in: 'C:\Program Files\dotnet\sdk\6.0.101\Extensions'.
TpTrace Information: 0 : 5212, 1, 2022/05/15, 09:19:37.678, 2756842124598, vstest.console.dll, AssemblyResolver.OnResolve: Microsoft.VisualStudio.TestPlatform.Extensions.Html.TestLogger: Loading assembly 'C:\Program Files\dotnet\sdk\6.0.101\Extensions\Microsoft.VisualStudio.TestPlatform.Extensions.Html.TestLogger.dll'.
TpTrace Information: 0 : 5212, 1, 2022/05/15, 09:19:37.679, 2756842134216, vstest.console.dll, AssemblyResolver.OnResolve: Resolved assembly: Microsoft.VisualStudio.TestPlatform.Extensions.Html.TestLogger, from path: C:\Program Files\dotnet\sdk\6.0.101\Extensions\Microsoft.VisualStudio.TestPlatform.Extensions.Html.TestLogger.dll
TpTrace Information: 0 : 5212, 1, 2022/05/15, 09:19:37.679, 2756842137639, vstest.console.dll, AssemblyResolver.OnResolve: Microsoft.VisualStudio.TestPlatform.Extensions.Trx.TestLogger: Resolving assembly.
TpTrace Information: 0 : 5212, 1, 2022/05/15, 09:19:37.679, 2756842138006, vstest.console.dll, AssemblyResolver.OnResolve: Microsoft.VisualStudio.TestPlatform.Extensions.Trx.TestLogger: Searching in: 'C:\Program Files\dotnet\sdk\6.0.101\Extensions'.
TpTrace Information: 0 : 5212, 1, 2022/05/15, 09:19:37.680, 2756842146219, vstest.console.dll, AssemblyResolver.OnResolve: Microsoft.VisualStudio.TestPlatform.Extensions.Trx.TestLogger: Loading assembly 'C:\Program Files\dotnet\sdk\6.0.101\Extensions\Microsoft.VisualStudio.TestPlatform.Extensions.Trx.TestLogger.dll'.
TpTrace Information: 0 : 5212, 1, 2022/05/15, 09:19:37.681, 2756842157038, vstest.console.dll, AssemblyResolver.OnResolve: Resolved assembly: Microsoft.VisualStudio.TestPlatform.Extensions.Trx.TestLogger, from path: C:\Program Files\dotnet\sdk\6.0.101\Extensions\Microsoft.VisualStudio.TestPlatform.Extensions.Trx.TestLogger.dll
TpTrace Verbose: 0 : 5212, 1, 2022/05/15, 09:19:37.682, 2756842163946, vstest.console.dll, TestPluginCache: Discovered the extensions using extension path ''.
TpTrace Verbose: 0 : 5212, 1, 2022/05/15, 09:19:37.682, 2756842164398, vstest.console.dll, TestPluginCache: Discoverers are ''.
TpTrace Verbose: 0 : 5212, 1, 2022/05/15, 09:19:37.682, 2756842164576, vstest.console.dll, TestPluginCache: Executors are ''.
TpTrace Verbose: 0 : 5212, 1, 2022/05/15, 09:19:37.682, 2756842164728, vstest.console.dll, TestPluginCache: Executors2 are ''.
TpTrace Verbose: 0 : 5212, 1, 2022/05/15, 09:19:37.682, 2756842164872, vstest.console.dll, TestPluginCache: Setting providers are ''.
TpTrace Verbose: 0 : 5212, 1, 2022/05/15, 09:19:37.682, 2756842165015, vstest.console.dll, TestPluginCache: Loggers are ''.
TpTrace Information: 0 : 5212, 1, 2022/05/15, 09:19:37.687, 2756842215514, vstest.console.dll, RunTestsArgumentProcessor:Execute: Test run is starting.
TpTrace Verbose: 0 : 5212, 1, 2022/05/15, 09:19:37.687, 2756842216417, vstest.console.dll, RunTestsArgumentProcessor:Execute: Queuing Test run.
TpTrace Information: 0 : 5212, 1, 2022/05/15, 09:19:37.687, 2756842218042, vstest.console.dll, TestRequestManager.RunTests: run tests started.
TpTrace Information: 0 : 5212, 1, 2022/05/15, 09:19:37.690, 2756842248206, vstest.console.dll, AssemblyMetadataProvider.GetFrameWork: Determined framework:'.NETCoreApp,Version=v3.1' for source: 'C:\Projetos\InvestmentAnalysis\src\InvestmentAnalysis\InvestmentAnalysis.Test\bin\Debug\netcoreapp3.1\fine-code-coverage\build-output\InvestmentAnalysis.Test.dll'
TpTrace Information: 0 : 5212, 1, 2022/05/15, 09:19:37.691, 2756842249680, vstest.console.dll, Determined framework for all sources: .NETCoreApp,Version=v3.1
TpTrace Information: 0 : 5212, 1, 2022/05/15, 09:19:37.691, 2756842254619, vstest.console.dll, AssemblyMetadataProvider.GetArchitecture: Determined architecture:AnyCPU info for assembly: C:\Projetos\InvestmentAnalysis\src\InvestmentAnalysis\InvestmentAnalysis.Test\bin\Debug\netcoreapp3.1\fine-code-coverage\build-output\InvestmentAnalysis.Test.dll
TpTrace Information: 0 : 5212, 1, 2022/05/15, 09:19:37.693, 2756842270376, vstest.console.dll, Determined platform for all sources: X64
TpTrace Information: 0 : 5212, 1, 2022/05/15, 09:19:37.695, 2756842290616, vstest.console.dll, Compatible sources list : 
TpTrace Information: 0 : 5212, 1, 2022/05/15, 09:19:37.695, 2756842291261, vstest.console.dll, C:\Projetos\InvestmentAnalysis\src\InvestmentAnalysis\InvestmentAnalysis.Test\bin\Debug\netcoreapp3.1\fine-code-coverage\build-output\InvestmentAnalysis.Test.dll
TpTrace Information: 0 : 5212, 1, 2022/05/15, 09:19:37.697, 2756842309317, vstest.console.dll, InferRunSettingsHelper.IsTestSettingsEnabled: Unable to navigate to RunSettings/MSTest. Current node: RunSettings
TpTrace Information: 0 : 5212, 1, 2022/05/15, 09:19:37.697, 2756842314613, vstest.console.dll, AssemblyResolver.OnResolve: Microsoft.VisualStudio.TestPlatform.Fakes: Resolving assembly.
TpTrace Information: 0 : 5212, 1, 2022/05/15, 09:19:37.697, 2756842315030, vstest.console.dll, AssemblyResolver.OnResolve: Microsoft.VisualStudio.TestPlatform.Fakes: Searching in: 'C:\Program Files\dotnet\sdk\6.0.101\Extensions'.
TpTrace Information: 0 : 5212, 1, 2022/05/15, 09:19:37.697, 2756842315713, vstest.console.dll, AssemblyResolver.OnResolve: Microsoft.VisualStudio.TestPlatform.Fakes: Assembly path does not exist: 'C:\Program Files\dotnet\sdk\6.0.101\Extensions\Microsoft.VisualStudio.TestPlatform.Fakes.dll', returning.
TpTrace Information: 0 : 5212, 1, 2022/05/15, 09:19:37.697, 2756842316141, vstest.console.dll, AssemblyResolver.OnResolve: Microsoft.VisualStudio.TestPlatform.Fakes: Assembly path does not exist: 'C:\Program Files\dotnet\sdk\6.0.101\Extensions\Microsoft.VisualStudio.TestPlatform.Fakes.exe', returning.
TpTrace Information: 0 : 5212, 1, 2022/05/15, 09:19:37.697, 2756842316325, vstest.console.dll, AssemblyResolver.OnResolve: Microsoft.VisualStudio.TestPlatform.Fakes: Searching in: 'C:\Program Files\dotnet\sdk\6.0.101'.
TpTrace Information: 0 : 5212, 1, 2022/05/15, 09:19:37.697, 2756842316666, vstest.console.dll, AssemblyResolver.OnResolve: Microsoft.VisualStudio.TestPlatform.Fakes: Assembly path does not exist: 'C:\Program Files\dotnet\sdk\6.0.101\Microsoft.VisualStudio.TestPlatform.Fakes.dll', returning.
TpTrace Information: 0 : 5212, 1, 2022/05/15, 09:19:37.697, 2756842317018, vstest.console.dll, AssemblyResolver.OnResolve: Microsoft.VisualStudio.TestPlatform.Fakes: Assembly path does not exist: 'C:\Program Files\dotnet\sdk\6.0.101\Microsoft.VisualStudio.TestPlatform.Fakes.exe', returning.
TpTrace Information: 0 : 5212, 1, 2022/05/15, 09:19:37.697, 2756842317286, vstest.console.dll, AssemblyResolver.OnResolve: Microsoft.VisualStudio.TestPlatform.Fakes: Failed to load assembly.
TpTrace Information: 0 : 5212, 1, 2022/05/15, 09:19:37.698, 2756842319261, vstest.console.dll, Failed to load assembly Microsoft.VisualStudio.TestPlatform.Fakes, Version=17.0.0.0, Culture=neutral. Reason:System.IO.FileNotFoundException: Could not load file or assembly 'Microsoft.VisualStudio.TestPlatform.Fakes, Version=17.0.0.0, Culture=neutral, PublicKeyToken=null'. O sistema não pode encontrar o arquivo especificado.
File name: 'Microsoft.VisualStudio.TestPlatform.Fakes, Version=17.0.0.0, Culture=neutral, PublicKeyToken=null'
   at System.Reflection.RuntimeAssembly.InternalLoad(ObjectHandleOnStack assemblyName, ObjectHandleOnStack requestingAssembly, StackCrawlMarkHandle stackMark, Boolean throwOnFileNotFound, ObjectHandleOnStack assemblyLoadContext, ObjectHandleOnStack retAssembly)
   at System.Reflection.RuntimeAssembly.InternalLoad(AssemblyName assemblyName, RuntimeAssembly requestingAssembly, StackCrawlMark& stackMark, Boolean throwOnFileNotFound, AssemblyLoadContext assemblyLoadContext)
   at System.Reflection.Assembly.Load(AssemblyName assemblyRef)
   at Microsoft.VisualStudio.TestPlatform.Common.Utilities.FakesUtilities.LoadTestPlatformAssembly()
TpTrace Verbose: 0 : 5212, 1, 2022/05/15, 09:19:37.702, 2756842363504, vstest.console.dll, TestPluginCache.DiscoverTestExtensions: finding test extensions in assemblies ends with: TestLogger.dll TPluginInfo: Microsoft.VisualStudio.TestPlatform.Common.ExtensionFramework.Utilities.TestLoggerPluginInformation TExtension: Microsoft.VisualStudio.TestPlatform.ObjectModel.Client.ITestLogger
TpTrace Verbose: 0 : 5212, 1, 2022/05/15, 09:19:37.702, 2756842364822, vstest.console.dll, TestPluginCache.GetExtensionPaths: Filtered extension paths: 
TpTrace Verbose: 0 : 5212, 1, 2022/05/15, 09:19:37.702, 2756842365094, vstest.console.dll, TestPluginCache.GetExtensionPaths: Added default extension paths: C:\Program Files\dotnet\sdk\6.0.101\Extensions\Microsoft.Diagnostics.NETCore.Client.dll
C:\Program Files\dotnet\sdk\6.0.101\Extensions\Microsoft.TestPlatform.Extensions.BlameDataCollector.dll
C:\Program Files\dotnet\sdk\6.0.101\Extensions\Microsoft.TestPlatform.Extensions.EventLogCollector.dll
C:\Program Files\dotnet\sdk\6.0.101\Extensions\Microsoft.TestPlatform.TestHostRuntimeProvider.dll
C:\Program Files\dotnet\sdk\6.0.101\Extensions\Microsoft.VisualStudio.TestPlatform.Extensions.Html.TestLogger.dll
C:\Program Files\dotnet\sdk\6.0.101\Extensions\Microsoft.VisualStudio.TestPlatform.Extensions.Trx.TestLogger.dll
TpTrace Verbose: 0 : 5212, 1, 2022/05/15, 09:19:37.702, 2756842365319, vstest.console.dll, TestPluginCache.GetExtensionPaths: Added unfilterableExtensionPaths: 
TpTrace Information: 0 : 5212, 1, 2022/05/15, 09:19:37.702, 2756842366712, vstest.console.dll, AssemblyResolver.AddSearchDirectories: Adding more searchDirectories C:\Program Files\dotnet\sdk\6.0.101\Extensions,C:\Program Files\dotnet\sdk\6.0.101
TpTrace Verbose: 0 : 5212, 1, 2022/05/15, 09:19:37.702, 2756842367042, vstest.console.dll, TestPluginCache.DiscoverTestExtensions: Discovering the extensions using extension path.
TpTrace Verbose: 0 : 5212, 1, 2022/05/15, 09:19:37.702, 2756842367272, vstest.console.dll, TestPluginCache.GetExtensionPaths: Filtered extension paths: 
TpTrace Verbose: 0 : 5212, 1, 2022/05/15, 09:19:37.702, 2756842367488, vstest.console.dll, TestPluginCache.GetExtensionPaths: Added default extension paths: C:\Program Files\dotnet\sdk\6.0.101\Extensions\Microsoft.Diagnostics.NETCore.Client.dll
C:\Program Files\dotnet\sdk\6.0.101\Extensions\Microsoft.TestPlatform.Extensions.BlameDataCollector.dll
C:\Program Files\dotnet\sdk\6.0.101\Extensions\Microsoft.TestPlatform.Extensions.EventLogCollector.dll
C:\Program Files\dotnet\sdk\6.0.101\Extensions\Microsoft.TestPlatform.TestHostRuntimeProvider.dll
C:\Program Files\dotnet\sdk\6.0.101\Extensions\Microsoft.VisualStudio.TestPlatform.Extensions.Html.TestLogger.dll
C:\Program Files\dotnet\sdk\6.0.101\Extensions\Microsoft.VisualStudio.TestPlatform.Extensions.Trx.TestLogger.dll
TpTrace Verbose: 0 : 5212, 1, 2022/05/15, 09:19:37.702, 2756842367658, vstest.console.dll, TestPluginCache.GetExtensionPaths: Added unfilterableExtensionPaths: 
TpTrace Verbose: 0 : 5212, 1, 2022/05/15, 09:19:37.702, 2756842367887, vstest.console.dll, TestPluginCache.DiscoverTestExtensions: Discovering the extensions using allExtensionPaths: C:\Program Files\dotnet\sdk\6.0.101\Extensions\Microsoft.Diagnostics.NETCore.Client.dll
C:\Program Files\dotnet\sdk\6.0.101\Extensions\Microsoft.TestPlatform.Extensions.BlameDataCollector.dll
C:\Program Files\dotnet\sdk\6.0.101\Extensions\Microsoft.TestPlatform.Extensions.EventLogCollector.dll
C:\Program Files\dotnet\sdk\6.0.101\Extensions\Microsoft.TestPlatform.TestHostRuntimeProvider.dll
C:\Program Files\dotnet\sdk\6.0.101\Extensions\Microsoft.VisualStudio.TestPlatform.Extensions.Html.TestLogger.dll
C:\Program Files\dotnet\sdk\6.0.101\Extensions\Microsoft.VisualStudio.TestPlatform.Extensions.Trx.TestLogger.dll
TpTrace Information: 0 : 5212, 1, 2022/05/15, 09:19:37.702, 2756842368165, vstest.console.dll, AssemblyResolver.AddSearchDirectories: Adding more searchDirectories C:\Program Files\dotnet\sdk\6.0.101\Extensions,C:\Program Files\dotnet\sdk\6.0.101
TpTrace Information: 0 : 5212, 1, 2022/05/15, 09:19:37.702, 2756842368422, vstest.console.dll, AssemblyResolver.AddSearchDirectories: Adding more searchDirectories C:\Program Files\dotnet\sdk\6.0.101\Extensions,C:\Program Files\dotnet\sdk\6.0.101
TpTrace Information: 0 : 5212, 1, 2022/05/15, 09:19:37.702, 2756842368591, vstest.console.dll, AssemblyResolver.AddSearchDirectories: Adding more searchDirectories C:\Program Files\dotnet\sdk\6.0.101\Extensions,C:\Program Files\dotnet\sdk\6.0.101
TpTrace Information: 0 : 5212, 1, 2022/05/15, 09:19:37.702, 2756842368751, vstest.console.dll, AssemblyResolver.AddSearchDirectories: Adding more searchDirectories C:\Program Files\dotnet\sdk\6.0.101\Extensions,C:\Program Files\dotnet\sdk\6.0.101
TpTrace Information: 0 : 5212, 1, 2022/05/15, 09:19:37.702, 2756842368943, vstest.console.dll, AssemblyResolver.AddSearchDirectories: Adding more searchDirectories C:\Program Files\dotnet\sdk\6.0.101\Extensions,C:\Program Files\dotnet\sdk\6.0.101
TpTrace Information: 0 : 5212, 1, 2022/05/15, 09:19:37.703, 2756842369107, vstest.console.dll, AssemblyResolver.AddSearchDirectories: Adding more searchDirectories C:\Program Files\dotnet\sdk\6.0.101\Extensions,C:\Program Files\dotnet\sdk\6.0.101
TpTrace Information: 0 : 5212, 1, 2022/05/15, 09:19:37.703, 2756842371053, vstest.console.dll, AssemblyResolver.OnResolve: Microsoft.Bcl.AsyncInterfaces: Resolving assembly.
TpTrace Information: 0 : 5212, 1, 2022/05/15, 09:19:37.703, 2756842371414, vstest.console.dll, AssemblyResolver.OnResolve: Microsoft.Bcl.AsyncInterfaces: Resolved from cache.
TpTrace Verbose: 0 : 5212, 1, 2022/05/15, 09:19:37.703, 2756842371645, vstest.console.dll, CurrentDomainAssemblyResolve: Resolving assembly 'Microsoft.Bcl.AsyncInterfaces'.
TpTrace Information: 0 : 5212, 1, 2022/05/15, 09:19:37.703, 2756842371916, vstest.console.dll, AssemblyResolver.OnResolve: Microsoft.Bcl.AsyncInterfaces: Resolving assembly.
TpTrace Information: 0 : 5212, 1, 2022/05/15, 09:19:37.703, 2756842372089, vstest.console.dll, AssemblyResolver.OnResolve: Microsoft.Bcl.AsyncInterfaces: Resolved from cache.
TpTrace Verbose: 0 : 5212, 1, 2022/05/15, 09:19:37.703, 2756842372252, vstest.console.dll, CurrentDomainAssemblyResolve: Resolving assembly 'Microsoft.Bcl.AsyncInterfaces'.
TpTrace Verbose: 0 : 5212, 1, 2022/05/15, 09:19:37.703, 2756842372448, vstest.console.dll, CurrentDomainAssemblyResolve: Failed to resolve assembly 'Microsoft.Bcl.AsyncInterfaces'.
TpTrace Verbose: 0 : 5212, 1, 2022/05/15, 09:19:37.703, 2756842373999, vstest.console.dll, CurrentDomainAssemblyResolve: Failed to resolve assembly 'Microsoft.Bcl.AsyncInterfaces'.
TpTrace Warning: 0 : 5212, 1, 2022/05/15, 09:19:37.703, 2756842376510, vstest.console.dll, TestPluginDiscoverer: Failed to get types from assembly 'Microsoft.Diagnostics.NETCore.Client, Version=0.2.4.21401, Culture=neutral, PublicKeyToken=31bf3856ad364e35'.  Skipping test extension scan for this assembly.  Error: System.Reflection.ReflectionTypeLoadException: Unable to load one or more of the requested types.
Could not load file or assembly 'Microsoft.Bcl.AsyncInterfaces, Version=1.0.0.0, Culture=neutral, PublicKeyToken=cc7b13ffcd2ddd51'. O sistema não pode encontrar o arquivo especificado.
   at System.Reflection.RuntimeModule.GetTypes(RuntimeModule module)
   at System.Reflection.Assembly.GetTypes()
   at Microsoft.VisualStudio.TestPlatform.Common.ExtensionFramework.TestPluginDiscoverer.GetTestExtensionsFromAssembly[TPluginInfo,TExtension](Assembly assembly, Dictionary`2 pluginInfos)
System.IO.FileNotFoundException: Could not load file or assembly 'Microsoft.Bcl.AsyncInterfaces, Version=1.0.0.0, Culture=neutral, PublicKeyToken=cc7b13ffcd2ddd51'. O sistema não pode encontrar o arquivo especificado.
File name: 'Microsoft.Bcl.AsyncInterfaces, Version=1.0.0.0, Culture=neutral, PublicKeyToken=cc7b13ffcd2ddd51'
 ---> System.IO.FileNotFoundException: Could not load file or assembly 'Microsoft.Bcl.AsyncInterfaces, Culture=neutral, PublicKeyToken=null'. O sistema não pode encontrar o arquivo especificado.
File name: 'Microsoft.Bcl.AsyncInterfaces, Culture=neutral, PublicKeyToken=null'
   at System.Reflection.RuntimeAssembly.InternalLoad(ObjectHandleOnStack assemblyName, ObjectHandleOnStack requestingAssembly, StackCrawlMarkHandle stackMark, Boolean throwOnFileNotFound, ObjectHandleOnStack assemblyLoadContext, ObjectHandleOnStack retAssembly)
   at System.Reflection.RuntimeAssembly.InternalLoad(AssemblyName assemblyName, RuntimeAssembly requestingAssembly, StackCrawlMark& stackMark, Boolean throwOnFileNotFound, AssemblyLoadContext assemblyLoadContext)
   at System.Reflection.Assembly.Load(AssemblyName assemblyRef)
   at Microsoft.VisualStudio.TestPlatform.Common.ExtensionFramework.TestPluginCache.CurrentDomainAssemblyResolve(Object sender, AssemblyResolveEventArgs args)
   at Microsoft.VisualStudio.TestPlatform.PlatformAbstractions.PlatformAssemblyResolver.AssemblyResolverEvent(Object sender, Object eventArgs)
   at System.Runtime.Loader.AssemblyLoadContext.GetFirstResolvedAssemblyFromResolvingEvent(AssemblyName assemblyName)
   at System.Runtime.Loader.AssemblyLoadContext.ResolveUsingEvent(AssemblyName assemblyName)
   at System.Runtime.Loader.AssemblyLoadContext.ResolveUsingResolvingEvent(IntPtr gchManagedAssemblyLoadContext, AssemblyName assemblyName)
TpTrace Warning: 0 : 5212, 1, 2022/05/15, 09:19:37.703, 2756842378100, vstest.console.dll, LoaderExceptions: System.IO.FileNotFoundException: Could not load file or assembly 'Microsoft.Bcl.AsyncInterfaces, Version=1.0.0.0, Culture=neutral, PublicKeyToken=cc7b13ffcd2ddd51'. O sistema não pode encontrar o arquivo especificado.
File name: 'Microsoft.Bcl.AsyncInterfaces, Version=1.0.0.0, Culture=neutral, PublicKeyToken=cc7b13ffcd2ddd51'
 ---> System.IO.FileNotFoundException: Could not load file or assembly 'Microsoft.Bcl.AsyncInterfaces, Culture=neutral, PublicKeyToken=null'. O sistema não pode encontrar o arquivo especificado.
File name: 'Microsoft.Bcl.AsyncInterfaces, Culture=neutral, PublicKeyToken=null'
   at System.Reflection.RuntimeAssembly.InternalLoad(ObjectHandleOnStack assemblyName, ObjectHandleOnStack requestingAssembly, StackCrawlMarkHandle stackMark, Boolean throwOnFileNotFound, ObjectHandleOnStack assemblyLoadContext, ObjectHandleOnStack retAssembly)
   at System.Reflection.RuntimeAssembly.InternalLoad(AssemblyName assemblyName, RuntimeAssembly requestingAssembly, StackCrawlMark& stackMark, Boolean throwOnFileNotFound, AssemblyLoadContext assemblyLoadContext)
   at System.Reflection.Assembly.Load(AssemblyName assemblyRef)
   at Microsoft.VisualStudio.TestPlatform.Common.ExtensionFramework.TestPluginCache.CurrentDomainAssemblyResolve(Object sender, AssemblyResolveEventArgs args)
   at Microsoft.VisualStudio.TestPlatform.PlatformAbstractions.PlatformAssemblyResolver.AssemblyResolverEvent(Object sender, Object eventArgs)
   at System.Runtime.Loader.AssemblyLoadContext.GetFirstResolvedAssemblyFromResolvingEvent(AssemblyName assemblyName)
   at System.Runtime.Loader.AssemblyLoadContext.ResolveUsingEvent(AssemblyName assemblyName)
   at System.Runtime.Loader.AssemblyLoadContext.ResolveUsingResolvingEvent(IntPtr gchManagedAssemblyLoadContext, AssemblyName assemblyName)
TpTrace Verbose: 0 : 5212, 1, 2022/05/15, 09:19:37.704, 2756842381043, vstest.console.dll, TestPluginCache: Discovered the extensions using extension path ''.
TpTrace Verbose: 0 : 5212, 1, 2022/05/15, 09:19:37.704, 2756842381348, vstest.console.dll, TestPluginCache: Discoverers are ''.
TpTrace Verbose: 0 : 5212, 1, 2022/05/15, 09:19:37.704, 2756842381506, vstest.console.dll, TestPluginCache: Executors are ''.
TpTrace Verbose: 0 : 5212, 1, 2022/05/15, 09:19:37.704, 2756842381646, vstest.console.dll, TestPluginCache: Executors2 are ''.
TpTrace Verbose: 0 : 5212, 1, 2022/05/15, 09:19:37.704, 2756842381781, vstest.console.dll, TestPluginCache: Setting providers are ''.
TpTrace Verbose: 0 : 5212, 1, 2022/05/15, 09:19:37.704, 2756842382272, vstest.console.dll, TestPluginCache: Loggers are 'logger://Microsoft/TestPlatform/Extensions/Blame/v1,logger://Microsoft/TestPlatform/HtmlLogger/v1,logger://Microsoft/TestPlatform/TrxLogger/v1'.
TpTrace Information: 0 : 5212, 1, 2022/05/15, 09:19:37.704, 2756842387913, vstest.console.dll, TestPluginManager.CreateTestExtension: Attempting to load test extension: Microsoft.TestPlatform.Extensions.BlameDataCollector.BlameLogger
TpTrace Information: 0 : 5212, 1, 2022/05/15, 09:19:37.710, 2756842442532, vstest.console.dll, TestPluginManager.CreateTestExtension: Attempting to load test extension: Microsoft.VisualStudio.TestPlatform.CrossPlatEngine.Hosting.DefaultTestHostManager
TpTrace Information: 0 : 5212, 1, 2022/05/15, 09:19:37.710, 2756842445531, vstest.console.dll, TestPluginManager.CreateTestExtension: Attempting to load test extension: Microsoft.VisualStudio.TestPlatform.CrossPlatEngine.Hosting.DotnetTestHostManager
TpTrace Verbose: 0 : 5212, 1, 2022/05/15, 09:19:37.711, 2756842449632, vstest.console.dll, TestEngine: Initializing Parallel Execution as MaxCpuCount is set to: 1
TpTrace Information: 0 : 5212, 1, 2022/05/15, 09:19:37.711, 2756842454409, vstest.console.dll, InferRunSettingsHelper.IsTestSettingsEnabled: Unable to navigate to RunSettings/MSTest. Current node: RunSettings
TpTrace Verbose: 0 : 5212, 1, 2022/05/15, 09:19:37.727, 2756842610748, vstest.console.dll, TestRequestSender is acting as server
TpTrace Verbose: 0 : 5212, 5, 2022/05/15, 09:19:37.731, 2756842653640, vstest.console.dll, DataCollectionRequestSender.InitializeCommunication : Initialize communication. 
TpTrace Information: 0 : 5212, 5, 2022/05/15, 09:19:37.736, 2756842706095, vstest.console.dll, Listening on Endpoint : 127.0.0.1:52744
TpTrace Verbose: 0 : 5212, 5, 2022/05/15, 09:19:37.747, 2756842812706, vstest.console.dll, DotnetDataCollectionLauncher: Full path of dotnet.exe is C:\Program Files\dotnet\dotnet.exe
TpTrace Verbose: 0 : 5212, 5, 2022/05/15, 09:19:37.747, 2756842815046, vstest.console.dll, DotnetDataCollectionLauncher: Adding  --runtimeconfig "C:\Program Files\dotnet\sdk\6.0.101\datacollector.runtimeconfig.json" in args
TpTrace Verbose: 0 : 5212, 5, 2022/05/15, 09:19:37.747, 2756842815691, vstest.console.dll, DotnetDataCollectionLauncher: Adding  --depsfile "C:\Program Files\dotnet\sdk\6.0.101\datacollector.deps.json" in args
TpTrace Information: 0 : 5212, 5, 2022/05/15, 09:19:37.756, 2756842908051, vstest.console.dll, ProxyDataCollectionManager.Initialize: Launched datacollector processId: 32180 port: 52744
TpTrace Information: 0 : 5212, 5, 2022/05/15, 09:19:37.757, 2756842909838, vstest.console.dll, ProxyDataCollectionManager.Initialize: waiting for connection with timeout: 90 seconds
TpTrace Verbose: 0 : 5212, 5, 2022/05/15, 09:19:37.757, 2756842910515, vstest.console.dll, DataCollectionRequestSender.WaitForRequestHandlerConnection : Waiting for connection with timeout: 90000
TpTrace Information: 0 : 5212, 8, 2022/05/15, 09:19:37.886, 2756844201163, vstest.console.dll, Using the buffer size of 16384 bytes
TpTrace Verbose: 0 : 5212, 5, 2022/05/15, 09:19:37.886, 2756844201714, vstest.console.dll, ProxyDataCollectionManager.InvokeDataCollectionServiceAction: Starting.
TpTrace Information: 0 : 5212, 8, 2022/05/15, 09:19:37.886, 2756844203215, vstest.console.dll, Accepted Client request and set the flag
TpTrace Information: 0 : 5212, 5, 2022/05/15, 09:19:37.886, 2756844203555, vstest.console.dll, ProxyDataCollectionManager.BeforeTestRunStart: Get environment variable and port for datacollector processId: 32180 port: 52744
TpTrace Verbose: 0 : 5212, 5, 2022/05/15, 09:19:37.886, 2756844205588, vstest.console.dll, DataCollectionRequestSender.SendBeforeTestRunStartAndGetResult : Send BeforeTestRunStart message with settingsXml <RunSettings><RunConfiguration><ResultsDirectory>C:\Projetos\InvestmentAnalysis\src\InvestmentAnalysis\InvestmentAnalysis.Test\bin\Debug\netcoreapp3.1\fine-code-coverage\coverage-tool-output</ResultsDirectory><TargetPlatform>X64</TargetPlatform><TargetFrameworkVersion>.NETCoreApp,Version=v3.1</TargetFrameworkVersion><DesignMode>False</DesignMode><CollectSourceInformation>False</CollectSourceInformation><TestAdaptersPaths>C:\Program Files\dotnet\sdk\6.0.101\Extensions</TestAdaptersPaths></RunConfiguration><LoggerRunSettings><Loggers><Logger friendlyName="blame" enabled="True" /><Logger friendlyName="Console" uri="logger://microsoft/TestPlatform/ConsoleLogger/v1" assemblyQualifiedName="Microsoft.VisualStudio.TestPlatform.CommandLine.Internal.ConsoleLogger, vstest.console, Version=15.0.0.0, Culture=neutral, PublicKeyToken=b03f5f7f11d50a3a" codeBase="C:\Program Files\dotnet\sdk\6.0.101\vstest.console.dll" enabled="True" /></Loggers></LoggerRunSettings><DataCollectionRunSettings><DataCollectors><DataCollector friendlyName="blame" enabled="True"><Configuration><ResultsDirectory>C:\Projetos\InvestmentAnalysis\src\InvestmentAnalysis\InvestmentAnalysis.Test\bin\Debug\netcoreapp3.1\fine-code-coverage\coverage-tool-output</ResultsDirectory></Configuration></DataCollector></DataCollectors></DataCollectionRunSettings></RunSettings> and sources System.Linq.Enumerable+Concat2Iterator`1[System.String]: 
TpTrace Verbose: 0 : 5212, 5, 2022/05/15, 09:19:37.958, 2756844925321, vstest.console.dll, DataCollectionRequestSender.SendBeforeTestRunStartAndGetResult : Received message: (DataCollection.SendMessage) -> {
  "FriendlyName": null,
  "Uri": null,
  "TestCaseId": "00000000-0000-0000-0000-000000000000",
  "Message": "Logging DataCollector Diagnostics in file: C:\\Projetos\\InvestmentAnalysis\\src\\InvestmentAnalysis\\InvestmentAnalysis.Test\\bin\\Debug\\netcoreapp3.1\\fine-code-coverage\\coverage-tool-output\\diagnostics.datacollector.22-05-15_09-19-37_74347_5.log",
  "Level": 0
}
TpTrace Verbose: 0 : 5212, 5, 2022/05/15, 09:19:38.033, 2756845673918, vstest.console.dll, DataCollectionRequestSender.SendBeforeTestRunStartAndGetResult : Received message: (DataCollection.BeforeTestRunStartResult) -> {
  "EnvironmentVariables": {},
  "DataCollectionEventsPort": 52746
}
TpTrace Information: 0 : 5212, 5, 2022/05/15, 09:19:38.038, 2756845728533, vstest.console.dll, ProxyDataCollectionManager.BeforeTestRunStart: SendBeforeTestRunStartAndGetResult successful, env variable from datacollector:   and testhost port: 52746
TpTrace Information: 0 : 5212, 5, 2022/05/15, 09:19:38.039, 2756845729540, vstest.console.dll, ProxyDataCollectionManager.InvokeDataCollectionServiceAction: Completed.
TpTrace Verbose: 0 : 5212, 1, 2022/05/15, 09:19:38.039, 2756845731630, vstest.console.dll, TestRunRequest.ExecuteAsync: Creating test run request.
TpTrace Verbose: 0 : 5212, 1, 2022/05/15, 09:19:38.039, 2756845734254, vstest.console.dll, TestRunRequest.ExecuteAsync: Starting.
TpTrace Information: 0 : 5212, 1, 2022/05/15, 09:19:38.039, 2756845737134, vstest.console.dll, TestRunRequest.ExecuteAsync: Starting run with settings:TestRunCriteria:
   KeepAlive=False,FrequencyOfRunStatsChangeEvent=10,RunStatsChangeEventTimeout=00:00:01.5000000,TestCaseFilter=,TestExecutorLauncher=
   Settingsxml=<RunSettings>
  <RunConfiguration>
    <ResultsDirectory>C:\Projetos\InvestmentAnalysis\src\InvestmentAnalysis\InvestmentAnalysis.Test\bin\Debug\netcoreapp3.1\fine-code-coverage\coverage-tool-output</ResultsDirectory>
    <TargetPlatform>X64</TargetPlatform>
    <TargetFrameworkVersion>.NETCoreApp,Version=v3.1</TargetFrameworkVersion>
    <DesignMode>False</DesignMode>
    <CollectSourceInformation>False</CollectSourceInformation>
  </RunConfiguration>
  <LoggerRunSettings>
    <Loggers>
      <Logger friendlyName="blame" enabled="True" />
      <Logger friendlyName="Console" uri="logger://microsoft/TestPlatform/ConsoleLogger/v1" assemblyQualifiedName="Microsoft.VisualStudio.TestPlatform.CommandLine.Internal.ConsoleLogger, vstest.console, Version=15.0.0.0, Culture=neutral, PublicKeyToken=b03f5f7f11d50a3a" codeBase="C:\Program Files\dotnet\sdk\6.0.101\vstest.console.dll" enabled="True" />
    </Loggers>
  </LoggerRunSettings>
  <DataCollectionRunSettings>
    <DataCollectors>
      <DataCollector friendlyName="blame" enabled="True">
        <Configuration>
          <ResultsDirectory>C:\Projetos\InvestmentAnalysis\src\InvestmentAnalysis\InvestmentAnalysis.Test\bin\Debug\netcoreapp3.1\fine-code-coverage\coverage-tool-output</ResultsDirectory>
        </Configuration>
      </DataCollector>
    </DataCollectors>
  </DataCollectionRunSettings>
</RunSettings>

TpTrace Verbose: 0 : 5212, 1, 2022/05/15, 09:19:38.039, 2756845737557, vstest.console.dll, TestRunRequest.ExecuteAsync: Wait for the first run request is over.
TpTrace Verbose: 0 : 5212, 1, 2022/05/15, 09:19:38.040, 2756845742120, vstest.console.dll, ParallelProxyExecutionManager: Start execution. Total sources: 1
TpTrace Information: 0 : 5212, 1, 2022/05/15, 09:19:38.040, 2756845747814, vstest.console.dll, ProxyParallelExecutionManager: Triggering test run for next source: C:\Projetos\InvestmentAnalysis\src\InvestmentAnalysis\InvestmentAnalysis.Test\bin\Debug\netcoreapp3.1\fine-code-coverage\build-output\InvestmentAnalysis.Test.dll
TpTrace Verbose: 0 : 5212, 1, 2022/05/15, 09:19:38.041, 2756845749566, vstest.console.dll, ProxyParallelExecutionManager: No sources available for execution.
TpTrace Verbose: 0 : 5212, 5, 2022/05/15, 09:19:38.041, 2756845749920, vstest.console.dll, ParallelProxyExecutionManager: Execution started. Started clients: 1
TpTrace Information: 0 : 5212, 1, 2022/05/15, 09:19:38.041, 2756845749987, vstest.console.dll, TestRunRequest.ExecuteAsync: Started.
TpTrace Verbose: 0 : 5212, 1, 2022/05/15, 09:19:38.041, 2756845752852, vstest.console.dll, TestRunRequest.WaitForCompletion: Waiting with timeout -1.
TpTrace Verbose: 0 : 5212, 5, 2022/05/15, 09:19:38.041, 2756845754533, vstest.console.dll, TestRunRequest:SendTestRunMessage: Starting.
TpTrace Information: 0 : 5212, 5, 2022/05/15, 09:19:38.041, 2756845756781, vstest.console.dll, TestRunRequest:SendTestRunMessage: Completed.
TpTrace Verbose: 0 : 5212, 5, 2022/05/15, 09:19:38.042, 2756845759966, vstest.console.dll, ProxyExecutionManager: Test host is always Lazy initialize.
TpTrace Verbose: 0 : 5212, 5, 2022/05/15, 09:19:38.042, 2756845763251, vstest.console.dll, TestRequestSender.InitializeCommunication: initialize communication. 
TpTrace Information: 0 : 5212, 5, 2022/05/15, 09:19:38.043, 2756845769160, vstest.console.dll, SocketServer.Start: Listening on endpoint : 127.0.0.1:52747
TpTrace Verbose: 0 : 5212, 5, 2022/05/15, 09:19:38.043, 2756845777452, vstest.console.dll, DotnetTestHostmanager: Adding  --runtimeconfig "C:\Projetos\InvestmentAnalysis\src\InvestmentAnalysis\InvestmentAnalysis.Test\bin\Debug\netcoreapp3.1\fine-code-coverage\build-output\InvestmentAnalysis.Test.runtimeconfig.json" in args
TpTrace Verbose: 0 : 5212, 5, 2022/05/15, 09:19:38.043, 2756845778735, vstest.console.dll, DotnetTestHostmanager: Adding  --depsfile "C:\Projetos\InvestmentAnalysis\src\InvestmentAnalysis\InvestmentAnalysis.Test\bin\Debug\netcoreapp3.1\fine-code-coverage\build-output\InvestmentAnalysis.Test.deps.json" in args
TpTrace Verbose: 0 : 5212, 5, 2022/05/15, 09:19:38.044, 2756845781535, vstest.console.dll, DotnetTestHostManager: Testhost.exe/testhost.x86.exe found at path: C:\Projetos\InvestmentAnalysis\src\InvestmentAnalysis\InvestmentAnalysis.Test\bin\Debug\netcoreapp3.1\fine-code-coverage\build-output\testhost.exe
TpTrace Verbose: 0 : 5212, 5, 2022/05/15, 09:19:38.044, 2756845781965, vstest.console.dll, DotnetTestHostmanager: Full path of host exe is C:\Projetos\InvestmentAnalysis\src\InvestmentAnalysis\InvestmentAnalysis.Test\bin\Debug\netcoreapp3.1\fine-code-coverage\build-output\testhost.exe
TpTrace Verbose: 0 : 5212, 7, 2022/05/15, 09:19:38.045, 2756845790500, vstest.console.dll, DotnetTestHostManager: Starting process 'C:\Projetos\InvestmentAnalysis\src\InvestmentAnalysis\InvestmentAnalysis.Test\bin\Debug\netcoreapp3.1\fine-code-coverage\build-output\testhost.exe' with command line ' --runtimeconfig "C:\Projetos\InvestmentAnalysis\src\InvestmentAnalysis\InvestmentAnalysis.Test\bin\Debug\netcoreapp3.1\fine-code-coverage\build-output\InvestmentAnalysis.Test.runtimeconfig.json" --depsfile "C:\Projetos\InvestmentAnalysis\src\InvestmentAnalysis\InvestmentAnalysis.Test\bin\Debug\netcoreapp3.1\fine-code-coverage\build-output\InvestmentAnalysis.Test.deps.json" --port 52747 --endpoint 127.0.0.1:052747 --role client --parentprocessid 5212 --diag "C:\Projetos\InvestmentAnalysis\src\InvestmentAnalysis\InvestmentAnalysis.Test\bin\Debug\netcoreapp3.1\fine-code-coverage\coverage-tool-output\diagnostics.host.22-05-15_09-19-38_04342_5.log" --tracelevel 4 --datacollectionport 52746 --telemetryoptedin false'
TpTrace Verbose: 0 : 5212, 7, 2022/05/15, 09:19:38.050, 2756845841774, vstest.console.dll, Test Runtime launched
TpTrace Verbose: 0 : 5212, 5, 2022/05/15, 09:19:38.050, 2756845848641, vstest.console.dll, TestRequestSender.WaitForRequestHandlerConnection: waiting for connection with timeout: 90000
TpTrace Verbose: 0 : 5212, 7, 2022/05/15, 09:19:38.207, 2756847414698, vstest.console.dll, SocketServer.OnClientConnected: Client connected for endPoint: 127.0.0.1:52747, starting MessageLoopAsync:
TpTrace Verbose: 0 : 5212, 14, 2022/05/15, 09:19:38.207, 2756847417197, vstest.console.dll, TcpClientExtensions.MessageLoopAsync: Polling on remoteEndPoint: 127.0.0.1:52748 localEndPoint: 127.0.0.1:52747
TpTrace Verbose: 0 : 5212, 14, 2022/05/15, 09:19:38.339, 2756848731237, vstest.console.dll, TcpClientExtensions.MessageLoopAsync: NotifyDataAvailable remoteEndPoint: 127.0.0.1:52748 localEndPoint: 127.0.0.1:52747
TpTrace Verbose: 0 : 5212, 14, 2022/05/15, 09:19:38.339, 2756848735047, vstest.console.dll, TestRequestSender.CheckVersionWithTestHost: onMessageReceived received message: (ProtocolVersion) -> 5
TpTrace Verbose: 0 : 5212, 14, 2022/05/15, 09:19:38.340, 2756848739762, vstest.console.dll, TcpClientExtensions.MessageLoopAsync: Polling on remoteEndPoint: 127.0.0.1:52748 localEndPoint: 127.0.0.1:52747
TpTrace Verbose: 0 : 5212, 5, 2022/05/15, 09:19:38.340, 2756848740745, vstest.console.dll, TestPluginCache.GetExtensionPaths: Filtered extension paths: 
TpTrace Verbose: 0 : 5212, 5, 2022/05/15, 09:19:38.340, 2756848741645, vstest.console.dll, TestPluginCache.GetExtensionPaths: Added default extension paths: C:\Program Files\dotnet\sdk\6.0.101\Extensions\Microsoft.Diagnostics.NETCore.Client.dll
C:\Program Files\dotnet\sdk\6.0.101\Extensions\Microsoft.TestPlatform.Extensions.BlameDataCollector.dll
C:\Program Files\dotnet\sdk\6.0.101\Extensions\Microsoft.TestPlatform.Extensions.EventLogCollector.dll
C:\Program Files\dotnet\sdk\6.0.101\Extensions\Microsoft.TestPlatform.TestHostRuntimeProvider.dll
C:\Program Files\dotnet\sdk\6.0.101\Extensions\Microsoft.VisualStudio.TestPlatform.Extensions.Html.TestLogger.dll
C:\Program Files\dotnet\sdk\6.0.101\Extensions\Microsoft.VisualStudio.TestPlatform.Extensions.Trx.TestLogger.dll
TpTrace Verbose: 0 : 5212, 5, 2022/05/15, 09:19:38.340, 2756848742025, vstest.console.dll, TestPluginCache.GetExtensionPaths: Added unfilterableExtensionPaths: 
TpTrace Verbose: 0 : 5212, 5, 2022/05/15, 09:19:38.343, 2756848775736, vstest.console.dll, TestRequestSender.InitializeExecution: Sending initializing execution with message: {"Version":5,"MessageType":"TestExecution.Initialize","Payload":["C:\\Projetos\\InvestmentAnalysis\\src\\InvestmentAnalysis\\InvestmentAnalysis.Test\\bin\\Debug\\netcoreapp3.1\\fine-code-coverage\\build-output\\xunit.runner.visualstudio.dotnetcore.testadapter.dll"]}
TpTrace Verbose: 0 : 5212, 14, 2022/05/15, 09:19:38.349, 2756848829303, vstest.console.dll, TcpClientExtensions.MessageLoopAsync: NotifyDataAvailable remoteEndPoint: 127.0.0.1:52748 localEndPoint: 127.0.0.1:52747
TpTrace Verbose: 0 : 5212, 14, 2022/05/15, 09:19:38.349, 2756848831325, vstest.console.dll, TestRequestSender.OnExecutionMessageReceived: Received message: {"Version":5,"MessageType":"TestSession.Message","Payload":{"MessageLevel":0,"Message":"Logging TestHost Diagnostics in file: C:\\Projetos\\InvestmentAnalysis\\src\\InvestmentAnalysis\\InvestmentAnalysis.Test\\bin\\Debug\\netcoreapp3.1\\fine-code-coverage\\coverage-tool-output\\diagnostics.host.22-05-15_09-19-38_04342_5.log"}}
TpTrace Verbose: 0 : 5212, 14, 2022/05/15, 09:19:38.354, 2756848884606, vstest.console.dll, TestRunRequest:SendTestRunMessage: Starting.
TpTrace Information: 0 : 5212, 14, 2022/05/15, 09:19:38.354, 2756848886425, vstest.console.dll, TestRunRequest:SendTestRunMessage: Completed.
TpTrace Verbose: 0 : 5212, 14, 2022/05/15, 09:19:38.354, 2756848887578, vstest.console.dll, TcpClientExtensions.MessageLoopAsync: Polling on remoteEndPoint: 127.0.0.1:52748 localEndPoint: 127.0.0.1:52747
TpTrace Verbose: 0 : 5212, 5, 2022/05/15, 09:19:38.355, 2756848889242, vstest.console.dll, TestRequestSender.StartTestRun: Sending test run with message: {"Version":5,"MessageType":"TestExecution.StartWithSources","Payload":{"AdapterSourceMap":{"_none_":["C:\\Projetos\\InvestmentAnalysis\\src\\InvestmentAnalysis\\InvestmentAnalysis.Test\\bin\\Debug\\netcoreapp3.1\\fine-code-coverage\\build-output\\InvestmentAnalysis.Test.dll"]},"RunSettings":"<RunSettings>\r\n  <RunConfiguration>\r\n    <ResultsDirectory>C:\\Projetos\\InvestmentAnalysis\\src\\InvestmentAnalysis\\InvestmentAnalysis.Test\\bin\\Debug\\netcoreapp3.1\\fine-code-coverage\\coverage-tool-output</ResultsDirectory>\r\n    <TargetPlatform>X64</TargetPlatform>\r\n    <TargetFrameworkVersion>.NETCoreApp,Version=v3.1</TargetFrameworkVersion>\r\n    <DesignMode>False</DesignMode>\r\n    <CollectSourceInformation>False</CollectSourceInformation>\r\n  </RunConfiguration>\r\n  <LoggerRunSettings>\r\n    <Loggers>\r\n      <Logger friendlyName=\"blame\" enabled=\"True\" />\r\n      <Logger friendlyName=\"Console\" uri=\"logger://microsoft/TestPlatform/ConsoleLogger/v1\" assemblyQualifiedName=\"Microsoft.VisualStudio.TestPlatform.CommandLine.Internal.ConsoleLogger, vstest.console, Version=15.0.0.0, Culture=neutral, PublicKeyToken=b03f5f7f11d50a3a\" codeBase=\"C:\\Program Files\\dotnet\\sdk\\6.0.101\\vstest.console.dll\" enabled=\"True\" />\r\n    </Loggers>\r\n  </LoggerRunSettings>\r\n  <DataCollectionRunSettings>\r\n    <DataCollectors>\r\n      <DataCollector friendlyName=\"blame\" enabled=\"True\">\r\n        <Configuration>\r\n          <ResultsDirectory>C:\\Projetos\\InvestmentAnalysis\\src\\InvestmentAnalysis\\InvestmentAnalysis.Test\\bin\\Debug\\netcoreapp3.1\\fine-code-coverage\\coverage-tool-output</ResultsDirectory>\r\n        </Configuration>\r\n      </DataCollector>\r\n    </DataCollectors>\r\n  </DataCollectionRunSettings>\r\n</RunSettings>","TestExecutionContext":{"FrequencyOfRunStatsChangeEvent":10,"RunStatsChangeEventTimeout":"00:00:01.5000000","InIsolation":false,"KeepAlive":false,"AreTestCaseLevelEventsRequired":false,"IsDebug":false,"TestCaseFilter":null,"FilterOptions":null},"Package":null}}
TpTrace Verbose: 0 : 5212, 14, 2022/05/15, 09:19:38.485, 2756850190590, vstest.console.dll, TcpClientExtensions.MessageLoopAsync: NotifyDataAvailable remoteEndPoint: 127.0.0.1:52748 localEndPoint: 127.0.0.1:52747
TpTrace Verbose: 0 : 5212, 14, 2022/05/15, 09:19:38.485, 2756850192068, vstest.console.dll, TestRequestSender.OnExecutionMessageReceived: Received message: {"Version":5,"MessageType":"TestSession.Message","Payload":{"MessageLevel":0,"Message":"[xUnit.net 00:00:00.00] xUnit.net VSTest Adapter v2.4.3+1b45f5407b (64-bit .NET Core 3.1.22)"}}
TpTrace Verbose: 0 : 5212, 14, 2022/05/15, 09:19:38.485, 2756850194327, vstest.console.dll, TestRunRequest:SendTestRunMessage: Starting.
TpTrace Information: 0 : 5212, 14, 2022/05/15, 09:19:38.485, 2756850195220, vstest.console.dll, TestRunRequest:SendTestRunMessage: Completed.
TpTrace Verbose: 0 : 5212, 14, 2022/05/15, 09:19:38.485, 2756850195472, vstest.console.dll, TcpClientExtensions.MessageLoopAsync: Polling on remoteEndPoint: 127.0.0.1:52748 localEndPoint: 127.0.0.1:52747
TpTrace Verbose: 0 : 5212, 14, 2022/05/15, 09:19:38.831, 2756853657042, vstest.console.dll, TcpClientExtensions.MessageLoopAsync: NotifyDataAvailable remoteEndPoint: 127.0.0.1:52748 localEndPoint: 127.0.0.1:52747
TpTrace Verbose: 0 : 5212, 14, 2022/05/15, 09:19:38.831, 2756853658655, vstest.console.dll, TestRequestSender.OnExecutionMessageReceived: Received message: {"Version":5,"MessageType":"TestSession.Message","Payload":{"MessageLevel":0,"Message":"[xUnit.net 00:00:00.34]   Discovering: InvestmentAnalysis.Test"}}
TpTrace Verbose: 0 : 5212, 14, 2022/05/15, 09:19:38.832, 2756853660569, vstest.console.dll, TestRunRequest:SendTestRunMessage: Starting.
TpTrace Information: 0 : 5212, 14, 2022/05/15, 09:19:38.832, 2756853661110, vstest.console.dll, TestRunRequest:SendTestRunMessage: Completed.
TpTrace Verbose: 0 : 5212, 14, 2022/05/15, 09:19:38.832, 2756853661346, vstest.console.dll, TcpClientExtensions.MessageLoopAsync: Polling on remoteEndPoint: 127.0.0.1:52748 localEndPoint: 127.0.0.1:52747
TpTrace Verbose: 0 : 5212, 14, 2022/05/15, 09:19:38.861, 2756853955992, vstest.console.dll, TcpClientExtensions.MessageLoopAsync: NotifyDataAvailable remoteEndPoint: 127.0.0.1:52748 localEndPoint: 127.0.0.1:52747
TpTrace Verbose: 0 : 5212, 14, 2022/05/15, 09:19:38.861, 2756853957261, vstest.console.dll, TestRequestSender.OnExecutionMessageReceived: Received message: {"Version":5,"MessageType":"TestSession.Message","Payload":{"MessageLevel":0,"Message":"[xUnit.net 00:00:00.37]   Discovered:  InvestmentAnalysis.Test"}}
TpTrace Verbose: 0 : 5212, 14, 2022/05/15, 09:19:38.861, 2756853958634, vstest.console.dll, TestRunRequest:SendTestRunMessage: Starting.
TpTrace Information: 0 : 5212, 14, 2022/05/15, 09:19:38.862, 2756853959096, vstest.console.dll, TestRunRequest:SendTestRunMessage: Completed.
TpTrace Verbose: 0 : 5212, 14, 2022/05/15, 09:19:38.862, 2756853959769, vstest.console.dll, TcpClientExtensions.MessageLoopAsync: Polling on remoteEndPoint: 127.0.0.1:52748 localEndPoint: 127.0.0.1:52747
TpTrace Verbose: 0 : 5212, 14, 2022/05/15, 09:19:38.863, 2756853976888, vstest.console.dll, TcpClientExtensions.MessageLoopAsync: NotifyDataAvailable remoteEndPoint: 127.0.0.1:52748 localEndPoint: 127.0.0.1:52747
TpTrace Verbose: 0 : 5212, 14, 2022/05/15, 09:19:38.863, 2756853978291, vstest.console.dll, TestRequestSender.OnExecutionMessageReceived: Received message: {"Version":5,"MessageType":"TestSession.Message","Payload":{"MessageLevel":0,"Message":"[xUnit.net 00:00:00.38]   Starting:    InvestmentAnalysis.Test"}}
TpTrace Verbose: 0 : 5212, 14, 2022/05/15, 09:19:38.864, 2756853979576, vstest.console.dll, TestRunRequest:SendTestRunMessage: Starting.
TpTrace Information: 0 : 5212, 14, 2022/05/15, 09:19:38.864, 2756853979978, vstest.console.dll, TestRunRequest:SendTestRunMessage: Completed.
TpTrace Verbose: 0 : 5212, 14, 2022/05/15, 09:19:38.864, 2756853980575, vstest.console.dll, TcpClientExtensions.MessageLoopAsync: Polling on remoteEndPoint: 127.0.0.1:52748 localEndPoint: 127.0.0.1:52747
TpTrace Verbose: 0 : 5212, 14, 2022/05/15, 09:19:38.950, 2756854848882, vstest.console.dll, TcpClientExtensions.MessageLoopAsync: NotifyDataAvailable remoteEndPoint: 127.0.0.1:52748 localEndPoint: 127.0.0.1:52747
TpTrace Verbose: 0 : 5212, 14, 2022/05/15, 09:19:38.951, 2756854850126, vstest.console.dll, TestRequestSender.OnExecutionMessageReceived: Received message: {"Version":5,"MessageType":"TestSession.Message","Payload":{"MessageLevel":0,"Message":"[xUnit.net 00:00:00.46]   Finished:    InvestmentAnalysis.Test"}}
TpTrace Verbose: 0 : 5212, 14, 2022/05/15, 09:19:38.951, 2756854851571, vstest.console.dll, TestRunRequest:SendTestRunMessage: Starting.
TpTrace Information: 0 : 5212, 14, 2022/05/15, 09:19:38.951, 2756854852279, vstest.console.dll, TestRunRequest:SendTestRunMessage: Completed.
TpTrace Verbose: 0 : 5212, 14, 2022/05/15, 09:19:38.951, 2756854852708, vstest.console.dll, TcpClientExtensions.MessageLoopAsync: Polling on remoteEndPoint: 127.0.0.1:52748 localEndPoint: 127.0.0.1:52747
TpTrace Verbose: 0 : 5212, 14, 2022/05/15, 09:19:38.985, 2756855193620, vstest.console.dll, TcpClientExtensions.MessageLoopAsync: NotifyDataAvailable remoteEndPoint: 127.0.0.1:52748 localEndPoint: 127.0.0.1:52747
TpTrace Verbose: 0 : 5212, 14, 2022/05/15, 09:19:38.985, 2756855196230, vstest.console.dll, TestRequestSender.OnExecutionMessageReceived: Received message: {"Version":5,"MessageType":"TestExecution.Completed","Payload":{"TestRunCompleteArgs":{"TestRunStatistics":{"ExecutedTests":6,"Stats":{"Passed":6}},"IsCanceled":false,"IsAborted":false,"Error":null,"AttachmentSets":[],"ElapsedTimeInRunningTests":"00:00:00.4775760","Metrics":{}},"LastRunTests":{"NewTestResults":[{"TestCase":{"Id":"374ff4d0-1fa2-9699-7168-3dca036901a8","FullyQualifiedName":"InvestmentAnalysis.Test.InvestmentAnalysisTest.CalculateNotIsEqualZero","DisplayName":"InvestmentAnalysis.Test.InvestmentAnalysisTest.CalculateNotIsEqualZero","ExecutorUri":"executor://xunit/VsTestRunner2/netcoreapp","Source":"C:\\Projetos\\InvestmentAnalysis\\src\\InvestmentAnalysis\\InvestmentAnalysis.Test\\bin\\Debug\\netcoreapp3.1\\fine-code-coverage\\build-output\\InvestmentAnalysis.Test.dll","CodeFilePath":null,"LineNumber":0,"Properties":[]},"Attachments":[],"Outcome":1,"ErrorMessage":null,"ErrorStackTrace":null,"DisplayName":"InvestmentAnalysis.Test.InvestmentAnalysisTest.CalculateNotIsEqualZero","Messages":[],"ComputerName":"LAPTOP-L5OV0F4F","Duration":"00:00:00.0057004","StartTime":"2022-05-15T12:19:38.9239282+00:00","EndTime":"2022-05-15T12:19:38.9239913+00:00","Properties":[]},{"TestCase":{"Id":"65de5554-5caa-4518-d758-8b5d36f420c3","FullyQualifiedName":"InvestmentAnalysis.Test.InvestmentAnalysisTest.RateForMonthBiggerThat24","DisplayName":"InvestmentAnalysis.Test.InvestmentAnalysisTest.RateForMonthBiggerThat24","ExecutorUri":"executor://xunit/VsTestRunner2/netcoreapp","Source":"C:\\Projetos\\InvestmentAnalysis\\src\\InvestmentAnalysis\\InvestmentAnalysis.Test\\bin\\Debug\\netcoreapp3.1\\fine-code-coverage\\build-output\\InvestmentAnalysis.Test.dll","CodeFilePath":null,"LineNumber":0,"Properties":[]},"Attachments":[],"Outcome":1,"ErrorMessage":null,"ErrorStackTrace":null,"DisplayName":"InvestmentAnalysis.Test.InvestmentAnalysisTest.RateForMonthBiggerThat24","Messages":[],"ComputerName":"LAPTOP-L5OV0F4F","Duration":"00:00:00.0003731","StartTime":"2022-05-15T12:19:38.9414655+00:00","EndTime":"2022-05-15T12:19:38.9414711+00:00","Properties":[]},{"TestCase":{"Id":"862e035c-d7f3-410c-7db9-b9a2b48b4f7d","FullyQualifiedName":"InvestmentAnalysis.Test.InvestmentAnalysisTest.RateForMonth6","DisplayName":"InvestmentAnalysis.Test.InvestmentAnalysisTest.RateForMonth6","ExecutorUri":"executor://xunit/VsTestRunner2/netcoreapp","Source":"C:\\Projetos\\InvestmentAnalysis\\src\\InvestmentAnalysis\\InvestmentAnalysis.Test\\bin\\Debug\\netcoreapp3.1\\fine-code-coverage\\build-output\\InvestmentAnalysis.Test.dll","CodeFilePath":null,"LineNumber":0,"Properties":[]},"Attachments":[],"Outcome":1,"ErrorMessage":null,"ErrorStackTrace":null,"DisplayName":"InvestmentAnalysis.Test.InvestmentAnalysisTest.RateForMonth6","Messages":[],"ComputerName":"LAPTOP-L5OV0F4F","Duration":"00:00:00.0001033","StartTime":"2022-05-15T12:19:38.9439766+00:00","EndTime":"2022-05-15T12:19:38.9439791+00:00","Properties":[]},{"TestCase":{"Id":"f56fd468-bc42-df11-ce6f-5685815c20f1","FullyQualifiedName":"InvestmentAnalysis.Test.InvestmentAnalysisTest.RateNotIsEqualZero","DisplayName":"InvestmentAnalysis.Test.InvestmentAnalysisTest.RateNotIsEqualZero","ExecutorUri":"executor://xunit/VsTestRunner2/netcoreapp","Source":"C:\\Projetos\\InvestmentAnalysis\\src\\InvestmentAnalysis\\InvestmentAnalysis.Test\\bin\\Debug\\netcoreapp3.1\\fine-code-coverage\\build-output\\InvestmentAnalysis.Test.dll","CodeFilePath":null,"LineNumber":0,"Properties":[]},"Attachments":[],"Outcome":1,"ErrorMessage":null,"ErrorStackTrace":null,"DisplayName":"InvestmentAnalysis.Test.InvestmentAnalysisTest.RateNotIsEqualZero","Messages":[],"ComputerName":"LAPTOP-L5OV0F4F","Duration":"00:00:00.0000714","StartTime":"2022-05-15T12:19:38.9456808+00:00","EndTime":"2022-05-15T12:19:38.9456822+00:00","Properties":[]},{"TestCase":{"Id":"41c02af7-1d9b-0e2f-f4f1-083aa29336fd","FullyQualifiedName":"InvestmentAnalysis.Test.InvestmentAnalysisTest.RateForMonth12","DisplayName":"InvestmentAnalysis.Test.InvestmentAnalysisTest.RateForMonth12","ExecutorUri":"executor://xunit/VsTestRunner2/netcoreapp","Source":"C:\\Projetos\\InvestmentAnalysis\\src\\InvestmentAnalysis\\InvestmentAnalysis.Test\\bin\\Debug\\netcoreapp3.1\\fine-code-coverage\\build-output\\InvestmentAnalysis.Test.dll","CodeFilePath":null,"LineNumber":0,"Properties":[]},"Attachments":[],"Outcome":1,"ErrorMessage":null,"ErrorStackTrace":null,"DisplayName":"InvestmentAnalysis.Test.InvestmentAnalysisTest.RateForMonth12","Messages":[],"ComputerName":"LAPTOP-L5OV0F4F","Duration":"00:00:00.0000682","StartTime":"2022-05-15T12:19:38.9473069+00:00","EndTime":"2022-05-15T12:19:38.9473083+00:00","Properties":[]},{"TestCase":{"Id":"6f7715d5-2aaf-a396-bacc-981a14ddf363","FullyQualifiedName":"InvestmentAnalysis.Test.InvestmentAnalysisTest.RateForMonth24","DisplayName":"InvestmentAnalysis.Test.InvestmentAnalysisTest.RateForMonth24","ExecutorUri":"executor://xunit/VsTestRunner2/netcoreapp","Source":"C:\\Projetos\\InvestmentAnalysis\\src\\InvestmentAnalysis\\InvestmentAnalysis.Test\\bin\\Debug\\netcoreapp3.1\\fine-code-coverage\\build-output\\InvestmentAnalysis.Test.dll","CodeFilePath":null,"LineNumber":0,"Properties":[]},"Attachments":[],"Outcome":1,"ErrorMessage":null,"ErrorStackTrace":null,"DisplayName":"InvestmentAnalysis.Test.InvestmentAnalysisTest.RateForMonth24","Messages":[],"ComputerName":"LAPTOP-L5OV0F4F","Duration":"00:00:00.0000769","StartTime":"2022-05-15T12:19:38.9489188+00:00","EndTime":"2022-05-15T12:19:38.9489202+00:00","Properties":[]}],"TestRunStatistics":{"ExecutedTests":6,"Stats":{"Passed":6}},"ActiveTests":[]},"RunAttachments":[],"ExecutorUris":["executor://xunit/VsTestRunner2/netcoreapp"]}}
TpTrace Verbose: 0 : 5212, 14, 2022/05/15, 09:19:38.987, 2756855212498, vstest.console.dll, TestRequestSender.EndSession: Sending end session.
TpTrace Verbose: 0 : 5212, 14, 2022/05/15, 09:19:38.987, 2756855215286, vstest.console.dll, ProxyOperationManager.Close: waiting for test host to exit for 100 ms
TpTrace Warning: 0 : 5212, 13, 2022/05/15, 09:19:39.007, 2756855415031, vstest.console.dll, TestHostManagerCallbacks.ErrorReceivedCallback Test host standard error line: 
TpTrace Verbose: 0 : 5212, 8, 2022/05/15, 09:19:39.019, 2756855532850, vstest.console.dll, TestHostProvider.ExitCallBack: Host exited starting callback.
TpTrace Information: 0 : 5212, 8, 2022/05/15, 09:19:39.019, 2756855537624, vstest.console.dll, TestHostManagerCallbacks.ExitCallBack: Testhost processId: 31000 exited with exitcode: 0 error: ''
TpTrace Verbose: 0 : 5212, 8, 2022/05/15, 09:19:39.019, 2756855538015, vstest.console.dll, DotnetTestHostManager.OnHostExited: invoking OnHostExited callback
TpTrace Verbose: 0 : 5212, 8, 2022/05/15, 09:19:39.019, 2756855538401, vstest.console.dll, CrossPlatEngine.TestHostManagerHostExited: calling on client process exit callback.
TpTrace Information: 0 : 5212, 8, 2022/05/15, 09:19:39.020, 2756855538999, vstest.console.dll, TestRequestSender.OnClientProcessExit: Test host process exited. Standard error: 
TpTrace Information: 0 : 5212, 8, 2022/05/15, 09:19:39.020, 2756855539639, vstest.console.dll, SocketServer.Stop: Stop server endPoint: 127.0.0.1:52747
TpTrace Information: 0 : 5212, 8, 2022/05/15, 09:19:39.020, 2756855540126, vstest.console.dll, SocketServer.Stop: Cancellation requested. Stopping message loop.
TpTrace Warning: 0 : 5212, 14, 2022/05/15, 09:19:39.020, 2756855540244, vstest.console.dll, ProxyOperationManager: Timed out waiting for test host to exit. Will terminate process.
TpTrace Verbose: 0 : 5212, 14, 2022/05/15, 09:19:39.020, 2756855543929, vstest.console.dll, ProxyDataCollectionManager.InvokeDataCollectionServiceAction: Starting.
TpTrace Information: 0 : 5212, 14, 2022/05/15, 09:19:39.020, 2756855544401, vstest.console.dll, ProxyDataCollectionManager.AfterTestRunEnd: Get attachment set for datacollector processId: 32180 port: 52744
TpTrace Verbose: 0 : 5212, 14, 2022/05/15, 09:19:39.020, 2756855544750, vstest.console.dll, DataCollectionRequestSender.SendAfterTestRunStartAndGetResult : Send AfterTestRunEnd message with isCancelled: False
TpTrace Verbose: 0 : 5212, 14, 2022/05/15, 09:19:39.024, 2756855582315, vstest.console.dll, DataCollectionRequestSender.SendAfterTestRunStartAndGetResult : Received message: (DataCollection.AfterTestRunEndResult) -> {
  "AttachmentSets": [],
  "Metrics": {}
}
TpTrace Information: 0 : 5212, 14, 2022/05/15, 09:19:39.027, 2756855613472, vstest.console.dll, ProxyDataCollectionManager.InvokeDataCollectionServiceAction: Completed.
TpTrace Warning: 0 : 5212, 10, 2022/05/15, 09:19:39.028, 2756855622065, vstest.console.dll, DataCollectionLauncher.ErrorReceivedCallback datacollector standard error line: 
TpTrace Information: 0 : 5212, 8, 2022/05/15, 09:19:39.032, 2756855659344, vstest.console.dll, DataCollectionLauncher.ExitCallBack: Data collector exited with exitcode: 0 error: ''
TpTrace Verbose: 0 : 5212, 14, 2022/05/15, 09:19:39.059, 2756855935819, vstest.console.dll, TestRunRequest:SendTestRunStatsChange: Starting.
TpTrace Information: 0 : 5212, 14, 2022/05/15, 09:19:39.059, 2756855937862, vstest.console.dll, TestRunRequest:SendTestRunStatsChange: Completed.
TpTrace Verbose: 0 : 5212, 14, 2022/05/15, 09:19:39.060, 2756855939783, vstest.console.dll, ParallelProxyExecutionManager: HandlePartialRunComplete: Total completed clients = 1, Run complete = True, Run canceled: False.
TpTrace Verbose: 0 : 5212, 14, 2022/05/15, 09:19:39.077, 2756856116392, vstest.console.dll, TestRunRequest:TestRunComplete: Starting. IsAborted:False IsCanceled:False.
TpTrace Verbose: 0 : 5212, 14, 2022/05/15, 09:19:39.077, 2756856118362, vstest.console.dll, TestLoggerManager.HandleTestRunComplete: Ignoring as the object is disposed.
TpTrace Information: 0 : 5212, 14, 2022/05/15, 09:19:39.078, 2756856121337, vstest.console.dll, TestRunRequest:TestRunComplete: Completed.
TpTrace Verbose: 0 : 5212, 14, 2022/05/15, 09:19:39.078, 2756856122005, vstest.console.dll, TestRequestSender.SetOperationComplete: Setting operation complete.
TpTrace Verbose: 0 : 5212, 1, 2022/05/15, 09:19:39.078, 2756856122081, vstest.console.dll, TestRunRequest.Dispose: Starting.
TpTrace Information: 0 : 5212, 14, 2022/05/15, 09:19:39.078, 2756856122315, vstest.console.dll, SocketServer.Stop: Stop server endPoint: 127.0.0.1:52747
TpTrace Information: 0 : 5212, 1, 2022/05/15, 09:19:39.078, 2756856122818, vstest.console.dll, TestRunRequest.Dispose: Completed.
TpTrace Information: 0 : 5212, 14, 2022/05/15, 09:19:39.078, 2756856123083, vstest.console.dll, SocketServer.Stop: Cancellation requested. Stopping message loop.
TpTrace Information: 0 : 5212, 1, 2022/05/15, 09:19:39.078, 2756856123488, vstest.console.dll, TestRequestManager.RunTests: run tests completed.
TpTrace Information: 0 : 5212, 14, 2022/05/15, 09:19:39.078, 2756856123702, vstest.console.dll, SocketServer.PrivateStop: Stopping server endPoint: 127.0.0.1:52747 error: 
TpTrace Information: 0 : 5212, 1, 2022/05/15, 09:19:39.078, 2756856124136, vstest.console.dll, RunTestsArgumentProcessor:Execute: Test run is completed.
TpTrace Verbose: 0 : 5212, 1, 2022/05/15, 09:19:39.078, 2756856126061, vstest.console.dll, Executor.Execute: Exiting with exit code of 0
TpTrace Verbose: 0 : 5212, 14, 2022/05/15, 09:19:39.078, 2756856128391, vstest.console.dll, LengthPrefixCommunicationChannel.Dispose: Dispose reader and writer.
TpTrace Information: 0 : 5212, 14, 2022/05/15, 09:19:39.079, 2756856129288, vstest.console.dll, SocketServer.Stop: Raise disconnected event endPoint: 127.0.0.1:52747 error: 
TpTrace Verbose: 0 : 5212, 14, 2022/05/15, 09:19:39.079, 2756856129990, vstest.console.dll, TestRequestSender: OnTestRunAbort: Operation is already complete. Skip error message.
TpTrace Verbose: 0 : 5212, 14, 2022/05/15, 09:19:39.079, 2756856130274, vstest.console.dll, TcpClientExtensions.MessageLoopAsync: exiting MessageLoopAsync remoteEndPoint: 127.0.0.1:52748 localEndPoint: 127.0.0.1:52747
